2023-06-30 14:38:02 INFO  c.m.F.FoodStoreApplication:51 - Starting FoodStoreApplication using Java 17.0.6 with PID 33508 (C:\Users\roksa\OneDrive\Desktop\Programowanie\FoodStore\FoodStore\target\classes started by roksa in C:\Users\roksa\OneDrive\Desktop\Programowanie\FoodStore\FoodStore)
2023-06-30 14:38:02 INFO  c.m.F.FoodStoreApplication:632 - No active profile set, falling back to 1 default profile: "default"
2023-06-30 14:38:03 INFO  o.s.d.r.c.RepositoryConfigurationDelegate:138 - Bootstrapping Spring Data JPA repositories in DEFAULT mode.
2023-06-30 14:38:03 INFO  o.s.d.r.c.RepositoryConfigurationDelegate:208 - Finished Spring Data repository scanning in 68 ms. Found 5 JPA repository interfaces.
2023-06-30 14:38:04 INFO  o.s.b.w.e.t.TomcatWebServer:108 - Tomcat initialized with port(s): 8080 (http)
2023-06-30 14:38:04 INFO  o.a.c.h.Http11NioProtocol:173 - Initializing ProtocolHandler ["http-nio-8080"]
2023-06-30 14:38:04 INFO  o.a.c.c.StandardService:173 - Starting service [Tomcat]
2023-06-30 14:38:04 INFO  o.a.c.c.StandardEngine:173 - Starting Servlet engine: [Apache Tomcat/10.1.8]
2023-06-30 14:38:04 INFO  o.a.c.c.C.[.[.[/]:173 - Initializing Spring embedded WebApplicationContext
2023-06-30 14:38:04 INFO  o.s.b.w.s.c.ServletWebServerApplicationContext:291 - Root WebApplicationContext: initialization completed in 1377 ms
2023-06-30 14:38:04 INFO  c.z.h.HikariDataSource:110 - HikariPool-1 - Starting...
2023-06-30 14:38:04 INFO  c.z.h.p.HikariPool:565 - HikariPool-1 - Added connection com.mysql.cj.jdbc.ConnectionImpl@637791d
2023-06-30 14:38:04 INFO  c.z.h.HikariDataSource:123 - HikariPool-1 - Start completed.
2023-06-30 14:38:04 INFO  o.h.j.i.u.LogHelper:31 - HHH000204: Processing PersistenceUnitInfo [name: default]
2023-06-30 14:38:04 INFO  o.h.Version:44 - HHH000412: Hibernate ORM core version 6.1.7.Final
2023-06-30 14:38:04 INFO  SQL dialect:66 - HHH000400: Using dialect: org.hibernate.dialect.MySQLDialect
2023-06-30 14:38:05 INFO  o.h.e.t.j.p.i.JtaPlatformInitiator:51 - HHH000490: Using JtaPlatform implementation: [org.hibernate.engine.transaction.jta.platform.internal.NoJtaPlatform]
2023-06-30 14:38:05 INFO  o.s.o.j.LocalContainerEntityManagerFactoryBean:437 - Initialized JPA EntityManagerFactory for persistence unit 'default'
2023-06-30 14:38:06 INFO  o.a.c.h.Http11NioProtocol:173 - Starting ProtocolHandler ["http-nio-8080"]
2023-06-30 14:38:06 INFO  o.s.b.w.e.t.TomcatWebServer:220 - Tomcat started on port(s): 8080 (http) with context path ''
2023-06-30 14:38:06 INFO  c.m.F.FoodStoreApplication:57 - Started FoodStoreApplication in 3.995 seconds (process running for 4.526)
2023-06-30 14:38:13 INFO  o.a.c.c.C.[.[.[/]:173 - Initializing Spring DispatcherServlet 'dispatcherServlet'
2023-06-30 14:38:13 INFO  o.s.w.s.DispatcherServlet:532 - Initializing Servlet 'dispatcherServlet'
2023-06-30 14:38:13 INFO  o.s.w.s.DispatcherServlet:554 - Completed initialization in 1 ms
2023-06-30 14:38:15 INFO  c.m.F.Cart:61 - Produkt dodany do koszyka
2023-06-30 14:38:16 INFO  c.m.F.Cart:61 - Produkt dodany do koszyka
2023-06-30 14:38:16 INFO  c.m.F.Cart:61 - Produkt dodany do koszyka
2023-06-30 14:38:17 INFO  c.m.F.Cart:61 - Produkt dodany do koszyka
2023-06-30 14:38:17 INFO  c.m.F.Cart:61 - Produkt dodany do koszyka
2023-06-30 14:38:17 INFO  c.m.F.Cart:61 - Produkt dodany do koszyka
2023-06-30 14:38:18 INFO  c.m.F.Cart:61 - Produkt dodany do koszyka
2023-06-30 14:38:18 INFO  c.m.F.Cart:61 - Produkt dodany do koszyka
2023-06-30 14:39:29 INFO  o.s.o.j.LocalContainerEntityManagerFactoryBean:650 - Closing JPA EntityManagerFactory for persistence unit 'default'
2023-06-30 14:39:29 INFO  c.z.h.HikariDataSource:350 - HikariPool-1 - Shutdown initiated...
2023-06-30 14:39:29 INFO  c.z.h.HikariDataSource:352 - HikariPool-1 - Shutdown completed.
2023-06-30 14:41:12 INFO  c.m.F.FoodStoreApplication:51 - Starting FoodStoreApplication using Java 17.0.6 with PID 32412 (C:\Users\roksa\OneDrive\Desktop\Programowanie\FoodStore\FoodStore\target\classes started by roksa in C:\Users\roksa\OneDrive\Desktop\Programowanie\FoodStore\FoodStore)
2023-06-30 14:41:12 INFO  c.m.F.FoodStoreApplication:632 - No active profile set, falling back to 1 default profile: "default"
2023-06-30 14:41:13 INFO  o.s.d.r.c.RepositoryConfigurationDelegate:138 - Bootstrapping Spring Data JPA repositories in DEFAULT mode.
2023-06-30 14:41:13 INFO  o.s.d.r.c.RepositoryConfigurationDelegate:208 - Finished Spring Data repository scanning in 65 ms. Found 5 JPA repository interfaces.
2023-06-30 14:41:14 INFO  o.s.b.w.e.t.TomcatWebServer:108 - Tomcat initialized with port(s): 8080 (http)
2023-06-30 14:41:14 INFO  o.a.c.h.Http11NioProtocol:173 - Initializing ProtocolHandler ["http-nio-8080"]
2023-06-30 14:41:14 INFO  o.a.c.c.StandardService:173 - Starting service [Tomcat]
2023-06-30 14:41:14 INFO  o.a.c.c.StandardEngine:173 - Starting Servlet engine: [Apache Tomcat/10.1.8]
2023-06-30 14:41:14 INFO  o.a.c.c.C.[.[.[/]:173 - Initializing Spring embedded WebApplicationContext
2023-06-30 14:41:14 INFO  o.s.b.w.s.c.ServletWebServerApplicationContext:291 - Root WebApplicationContext: initialization completed in 1363 ms
2023-06-30 14:41:14 INFO  c.z.h.HikariDataSource:110 - HikariPool-1 - Starting...
2023-06-30 14:41:14 INFO  c.z.h.p.HikariPool:565 - HikariPool-1 - Added connection com.mysql.cj.jdbc.ConnectionImpl@637791d
2023-06-30 14:41:14 INFO  c.z.h.HikariDataSource:123 - HikariPool-1 - Start completed.
2023-06-30 14:41:14 INFO  o.h.j.i.u.LogHelper:31 - HHH000204: Processing PersistenceUnitInfo [name: default]
2023-06-30 14:41:14 INFO  o.h.Version:44 - HHH000412: Hibernate ORM core version 6.1.7.Final
2023-06-30 14:41:14 INFO  SQL dialect:66 - HHH000400: Using dialect: org.hibernate.dialect.MySQLDialect
2023-06-30 14:41:15 INFO  o.h.e.t.j.p.i.JtaPlatformInitiator:51 - HHH000490: Using JtaPlatform implementation: [org.hibernate.engine.transaction.jta.platform.internal.NoJtaPlatform]
2023-06-30 14:41:15 INFO  o.s.o.j.LocalContainerEntityManagerFactoryBean:437 - Initialized JPA EntityManagerFactory for persistence unit 'default'
2023-06-30 14:41:16 INFO  o.a.c.h.Http11NioProtocol:173 - Starting ProtocolHandler ["http-nio-8080"]
2023-06-30 14:41:16 INFO  o.s.b.w.e.t.TomcatWebServer:220 - Tomcat started on port(s): 8080 (http) with context path ''
2023-06-30 14:41:16 INFO  c.m.F.FoodStoreApplication:57 - Started FoodStoreApplication in 3.918 seconds (process running for 4.399)
2023-06-30 14:42:34 INFO  o.s.o.j.LocalContainerEntityManagerFactoryBean:650 - Closing JPA EntityManagerFactory for persistence unit 'default'
2023-06-30 14:42:34 INFO  c.z.h.HikariDataSource:350 - HikariPool-1 - Shutdown initiated...
2023-06-30 14:42:34 INFO  c.z.h.HikariDataSource:352 - HikariPool-1 - Shutdown completed.
2023-06-30 14:42:37 INFO  c.m.F.FoodStoreApplication:51 - Starting FoodStoreApplication using Java 17.0.6 with PID 23308 (C:\Users\roksa\OneDrive\Desktop\Programowanie\FoodStore\FoodStore\target\classes started by roksa in C:\Users\roksa\OneDrive\Desktop\Programowanie\FoodStore\FoodStore)
2023-06-30 14:42:37 INFO  c.m.F.FoodStoreApplication:632 - No active profile set, falling back to 1 default profile: "default"
2023-06-30 14:42:37 INFO  o.s.d.r.c.RepositoryConfigurationDelegate:138 - Bootstrapping Spring Data JPA repositories in DEFAULT mode.
2023-06-30 14:42:37 INFO  o.s.d.r.c.RepositoryConfigurationDelegate:208 - Finished Spring Data repository scanning in 77 ms. Found 5 JPA repository interfaces.
2023-06-30 14:42:38 INFO  o.s.b.w.e.t.TomcatWebServer:108 - Tomcat initialized with port(s): 8080 (http)
2023-06-30 14:42:38 INFO  o.a.c.h.Http11NioProtocol:173 - Initializing ProtocolHandler ["http-nio-8080"]
2023-06-30 14:42:38 INFO  o.a.c.c.StandardService:173 - Starting service [Tomcat]
2023-06-30 14:42:38 INFO  o.a.c.c.StandardEngine:173 - Starting Servlet engine: [Apache Tomcat/10.1.8]
2023-06-30 14:42:38 INFO  o.a.c.c.C.[.[.[/]:173 - Initializing Spring embedded WebApplicationContext
2023-06-30 14:42:38 INFO  o.s.b.w.s.c.ServletWebServerApplicationContext:291 - Root WebApplicationContext: initialization completed in 1397 ms
2023-06-30 14:42:38 INFO  c.z.h.HikariDataSource:110 - HikariPool-1 - Starting...
2023-06-30 14:42:38 INFO  c.z.h.p.HikariPool:565 - HikariPool-1 - Added connection com.mysql.cj.jdbc.ConnectionImpl@3ad8717d
2023-06-30 14:42:38 INFO  c.z.h.HikariDataSource:123 - HikariPool-1 - Start completed.
2023-06-30 14:42:38 INFO  o.h.j.i.u.LogHelper:31 - HHH000204: Processing PersistenceUnitInfo [name: default]
2023-06-30 14:42:38 INFO  o.h.Version:44 - HHH000412: Hibernate ORM core version 6.1.7.Final
2023-06-30 14:42:39 INFO  SQL dialect:66 - HHH000400: Using dialect: org.hibernate.dialect.MySQLDialect
2023-06-30 14:42:39 INFO  o.h.e.t.j.p.i.JtaPlatformInitiator:51 - HHH000490: Using JtaPlatform implementation: [org.hibernate.engine.transaction.jta.platform.internal.NoJtaPlatform]
2023-06-30 14:42:39 INFO  o.s.o.j.LocalContainerEntityManagerFactoryBean:437 - Initialized JPA EntityManagerFactory for persistence unit 'default'
2023-06-30 14:42:40 INFO  o.a.c.h.Http11NioProtocol:173 - Starting ProtocolHandler ["http-nio-8080"]
2023-06-30 14:42:40 INFO  o.s.b.w.e.t.TomcatWebServer:220 - Tomcat started on port(s): 8080 (http) with context path ''
2023-06-30 14:42:40 INFO  c.m.F.FoodStoreApplication:57 - Started FoodStoreApplication in 3.972 seconds (process running for 4.485)
2023-06-30 14:42:47 INFO  o.a.c.c.C.[.[.[/]:173 - Initializing Spring DispatcherServlet 'dispatcherServlet'
2023-06-30 14:42:47 INFO  o.s.w.s.DispatcherServlet:532 - Initializing Servlet 'dispatcherServlet'
2023-06-30 14:42:47 INFO  o.s.w.s.DispatcherServlet:554 - Completed initialization in 1 ms
2023-06-30 14:42:48 INFO  c.m.F.Cart:61 - Produkt dodany do koszyka
2023-06-30 14:42:49 INFO  c.m.F.Cart:61 - Produkt dodany do koszyka
2023-06-30 14:50:08 INFO  o.s.o.j.LocalContainerEntityManagerFactoryBean:650 - Closing JPA EntityManagerFactory for persistence unit 'default'
2023-06-30 14:50:08 INFO  c.z.h.HikariDataSource:350 - HikariPool-1 - Shutdown initiated...
2023-06-30 14:50:08 INFO  c.z.h.HikariDataSource:352 - HikariPool-1 - Shutdown completed.
2023-06-30 14:55:56 INFO  c.m.F.FoodStoreApplication:51 - Starting FoodStoreApplication using Java 17.0.6 with PID 17220 (C:\Users\roksa\OneDrive\Desktop\Programowanie\FoodStore\FoodStore\target\classes started by roksa in C:\Users\roksa\OneDrive\Desktop\Programowanie\FoodStore\FoodStore)
2023-06-30 14:55:56 INFO  c.m.F.FoodStoreApplication:632 - No active profile set, falling back to 1 default profile: "default"
2023-06-30 14:56:00 INFO  c.m.F.FoodStoreApplication:57 - Started FoodStoreApplication in 4.038 seconds (process running for 4.543)
2023-06-30 14:56:04 INFO  c.m.F.Cart:61 - Produkt dodany do koszyka
2023-06-30 14:56:05 INFO  c.m.F.Cart:61 - Produkt dodany do koszyka
2023-06-30 14:56:05 INFO  c.m.F.Cart:61 - Produkt dodany do koszyka
2023-06-30 14:56:06 INFO  c.m.F.Cart:61 - Produkt dodany do koszyka
2023-06-30 14:56:20 INFO  c.m.F.Cart:61 - Produkt dodany do koszyka
2023-06-30 14:56:21 INFO  c.m.F.Cart:61 - Produkt dodany do koszyka
2023-06-30 14:56:23 INFO  c.m.F.Cart:61 - Produkt dodany do koszyka
2023-06-30 14:56:36 INFO  c.m.F.Cart:61 - Produkt dodany do koszyka
2023-06-30 14:56:39 INFO  c.m.F.Cart:61 - Produkt dodany do koszyka
2023-06-30 14:56:39 INFO  c.m.F.Cart:61 - Produkt dodany do koszyka
2023-06-30 14:56:39 INFO  c.m.F.Cart:61 - Produkt dodany do koszyka
2023-06-30 14:56:39 INFO  c.m.F.Cart:61 - Produkt dodany do koszyka
2023-06-30 14:56:40 INFO  c.m.F.Cart:61 - Produkt dodany do koszyka
2023-07-02 12:26:34 INFO  c.m.F.OrderRepositoryTest:51 - Starting OrderRepositoryTest using Java 17.0.6 with PID 15864 (started by roksa in C:\Users\roksa\OneDrive\Desktop\Programowanie\FoodStore\FoodStore)
2023-07-02 12:26:34 INFO  c.m.F.OrderRepositoryTest:632 - No active profile set, falling back to 1 default profile: "default"
2023-07-02 12:26:37 INFO  c.m.F.OrderRepositoryTest:57 - Started OrderRepositoryTest in 3.171 seconds (process running for 4.31)
2023-07-02 12:28:18 INFO  c.m.F.OrderRepositoryTest:51 - Starting OrderRepositoryTest using Java 17.0.6 with PID 10172 (started by roksa in C:\Users\roksa\OneDrive\Desktop\Programowanie\FoodStore\FoodStore)
2023-07-02 12:28:18 INFO  c.m.F.OrderRepositoryTest:632 - No active profile set, falling back to 1 default profile: "default"
2023-07-02 12:28:21 INFO  c.m.F.OrderRepositoryTest:57 - Started OrderRepositoryTest in 2.905 seconds (process running for 4.017)
2023-07-02 13:36:00 INFO  c.m.F.OrderRepositoryTest:51 - Starting OrderRepositoryTest using Java 17.0.6 with PID 29604 (started by roksa in C:\Users\roksa\OneDrive\Desktop\Programowanie\FoodStore\FoodStore)
2023-07-02 13:36:00 INFO  c.m.F.OrderRepositoryTest:632 - No active profile set, falling back to 1 default profile: "default"
2023-07-02 13:36:03 INFO  c.m.F.OrderRepositoryTest:57 - Started OrderRepositoryTest in 2.868 seconds (process running for 3.963)
2023-07-02 13:37:51 INFO  c.m.F.OrderRepositoryTest:51 - Starting OrderRepositoryTest using Java 17.0.6 with PID 1908 (started by roksa in C:\Users\roksa\OneDrive\Desktop\Programowanie\FoodStore\FoodStore)
2023-07-02 13:37:51 INFO  c.m.F.OrderRepositoryTest:632 - No active profile set, falling back to 1 default profile: "default"
2023-07-02 13:37:54 INFO  c.m.F.OrderRepositoryTest:57 - Started OrderRepositoryTest in 2.818 seconds (process running for 3.829)
2023-07-02 13:38:06 INFO  c.m.F.OrderRepositoryTest:51 - Starting OrderRepositoryTest using Java 17.0.6 with PID 18476 (started by roksa in C:\Users\roksa\OneDrive\Desktop\Programowanie\FoodStore\FoodStore)
2023-07-02 13:38:06 INFO  c.m.F.OrderRepositoryTest:632 - No active profile set, falling back to 1 default profile: "default"
2023-07-02 13:38:09 INFO  c.m.F.OrderRepositoryTest:57 - Started OrderRepositoryTest in 2.959 seconds (process running for 4.055)
2023-07-02 13:52:25 INFO  c.m.F.OrderRepositoryTest:51 - Starting OrderRepositoryTest using Java 17.0.6 with PID 8972 (started by roksa in C:\Users\roksa\OneDrive\Desktop\Programowanie\FoodStore\FoodStore)
2023-07-02 13:52:25 INFO  c.m.F.OrderRepositoryTest:632 - No active profile set, falling back to 1 default profile: "default"
2023-07-02 13:52:27 INFO  c.m.F.OrderRepositoryTest:57 - Started OrderRepositoryTest in 2.859 seconds (process running for 3.967)
2023-07-02 13:52:53 INFO  c.m.F.OrderRepositoryTest:51 - Starting OrderRepositoryTest using Java 17.0.6 with PID 1900 (started by roksa in C:\Users\roksa\OneDrive\Desktop\Programowanie\FoodStore\FoodStore)
2023-07-02 13:52:53 INFO  c.m.F.OrderRepositoryTest:632 - No active profile set, falling back to 1 default profile: "default"
2023-07-02 13:52:56 INFO  c.m.F.OrderRepositoryTest:57 - Started OrderRepositoryTest in 2.842 seconds (process running for 3.903)
2023-07-02 13:55:18 INFO  c.m.F.OrderRepositoryTest:51 - Starting OrderRepositoryTest using Java 17.0.6 with PID 32868 (started by roksa in C:\Users\roksa\OneDrive\Desktop\Programowanie\FoodStore\FoodStore)
2023-07-02 13:55:18 INFO  c.m.F.OrderRepositoryTest:632 - No active profile set, falling back to 1 default profile: "default"
2023-07-02 13:55:21 INFO  c.m.F.OrderRepositoryTest:57 - Started OrderRepositoryTest in 3.038 seconds (process running for 4.105)
2023-07-02 13:58:46 INFO  c.m.F.OrderRepositoryTest:51 - Starting OrderRepositoryTest using Java 17.0.6 with PID 32272 (started by roksa in C:\Users\roksa\OneDrive\Desktop\Programowanie\FoodStore\FoodStore)
2023-07-02 13:58:46 INFO  c.m.F.OrderRepositoryTest:632 - No active profile set, falling back to 1 default profile: "default"
2023-07-02 13:58:49 INFO  c.m.F.OrderRepositoryTest:57 - Started OrderRepositoryTest in 2.989 seconds (process running for 4.056)
2023-07-02 14:03:52 INFO  c.m.F.OrderItemRepositoryTest:51 - Starting OrderItemRepositoryTest using Java 17.0.6 with PID 31964 (started by roksa in C:\Users\roksa\OneDrive\Desktop\Programowanie\FoodStore\FoodStore)
2023-07-02 14:03:52 INFO  c.m.F.OrderItemRepositoryTest:632 - No active profile set, falling back to 1 default profile: "default"
2023-07-02 14:03:54 INFO  c.m.F.OrderItemRepositoryTest:57 - Started OrderItemRepositoryTest in 2.872 seconds (process running for 4.024)
2023-07-02 14:05:22 INFO  c.m.F.OrderItemRepositoryTest:51 - Starting OrderItemRepositoryTest using Java 17.0.6 with PID 14904 (started by roksa in C:\Users\roksa\OneDrive\Desktop\Programowanie\FoodStore\FoodStore)
2023-07-02 14:05:22 INFO  c.m.F.OrderItemRepositoryTest:632 - No active profile set, falling back to 1 default profile: "default"
2023-07-02 14:05:25 INFO  c.m.F.OrderItemRepositoryTest:57 - Started OrderItemRepositoryTest in 2.917 seconds (process running for 4.046)
2023-07-02 14:29:59 INFO  c.m.F.OrderItemRepositoryTest:51 - Starting OrderItemRepositoryTest using Java 17.0.6 with PID 33208 (started by roksa in C:\Users\roksa\OneDrive\Desktop\Programowanie\FoodStore\FoodStore)
2023-07-02 14:29:59 INFO  c.m.F.OrderItemRepositoryTest:632 - No active profile set, falling back to 1 default profile: "default"
2023-07-02 14:30:02 INFO  c.m.F.OrderItemRepositoryTest:57 - Started OrderItemRepositoryTest in 2.85 seconds (process running for 4.055)
2023-07-02 14:31:06 INFO  c.m.F.OrderItemRepositoryTest:51 - Starting OrderItemRepositoryTest using Java 17.0.6 with PID 23532 (started by roksa in C:\Users\roksa\OneDrive\Desktop\Programowanie\FoodStore\FoodStore)
2023-07-02 14:31:06 INFO  c.m.F.OrderItemRepositoryTest:632 - No active profile set, falling back to 1 default profile: "default"
2023-07-02 14:31:08 INFO  c.m.F.OrderItemRepositoryTest:57 - Started OrderItemRepositoryTest in 2.811 seconds (process running for 3.878)
2023-07-02 14:34:49 INFO  c.m.F.OrderItemRepositoryTest:51 - Starting OrderItemRepositoryTest using Java 17.0.6 with PID 11768 (started by roksa in C:\Users\roksa\OneDrive\Desktop\Programowanie\FoodStore\FoodStore)
2023-07-02 14:34:49 INFO  c.m.F.OrderItemRepositoryTest:632 - No active profile set, falling back to 1 default profile: "default"
2023-07-02 14:34:51 INFO  c.m.F.OrderItemRepositoryTest:57 - Started OrderItemRepositoryTest in 2.773 seconds (process running for 3.848)
2023-07-02 14:36:42 INFO  c.m.F.OrderItemRepositoryTest:51 - Starting OrderItemRepositoryTest using Java 17.0.6 with PID 12436 (started by roksa in C:\Users\roksa\OneDrive\Desktop\Programowanie\FoodStore\FoodStore)
2023-07-02 14:36:42 INFO  c.m.F.OrderItemRepositoryTest:632 - No active profile set, falling back to 1 default profile: "default"
2023-07-02 14:36:44 INFO  c.m.F.OrderItemRepositoryTest:57 - Started OrderItemRepositoryTest in 2.874 seconds (process running for 3.969)
2023-07-02 14:39:28 INFO  c.m.F.OrderItemRepositoryTest:51 - Starting OrderItemRepositoryTest using Java 17.0.6 with PID 29836 (started by roksa in C:\Users\roksa\OneDrive\Desktop\Programowanie\FoodStore\FoodStore)
2023-07-02 14:39:28 INFO  c.m.F.OrderItemRepositoryTest:632 - No active profile set, falling back to 1 default profile: "default"
2023-07-02 14:39:30 INFO  c.m.F.OrderItemRepositoryTest:57 - Started OrderItemRepositoryTest in 2.915 seconds (process running for 3.948)
2023-07-02 14:54:40 INFO  c.m.F.OrderItemRepositoryTest:51 - Starting OrderItemRepositoryTest using Java 17.0.6 with PID 936 (started by roksa in C:\Users\roksa\OneDrive\Desktop\Programowanie\FoodStore\FoodStore)
2023-07-02 14:54:40 INFO  c.m.F.OrderItemRepositoryTest:632 - No active profile set, falling back to 1 default profile: "default"
2023-07-02 14:54:43 INFO  c.m.F.OrderItemRepositoryTest:57 - Started OrderItemRepositoryTest in 2.846 seconds (process running for 3.901)
2023-07-02 15:02:49 INFO  c.m.F.OrderItemRepositoryTest:51 - Starting OrderItemRepositoryTest using Java 17.0.6 with PID 15804 (started by roksa in C:\Users\roksa\OneDrive\Desktop\Programowanie\FoodStore\FoodStore)
2023-07-02 15:02:49 INFO  c.m.F.OrderItemRepositoryTest:632 - No active profile set, falling back to 1 default profile: "default"
2023-07-02 15:02:52 INFO  c.m.F.OrderItemRepositoryTest:57 - Started OrderItemRepositoryTest in 2.784 seconds (process running for 3.827)
2023-07-03 08:21:05 INFO  c.m.F.ProductRepositoryTest:51 - Starting ProductRepositoryTest using Java 17.0.6 with PID 21404 (started by roksa in C:\Users\roksa\OneDrive\Desktop\Programowanie\FoodStore\FoodStore)
2023-07-03 08:21:05 INFO  c.m.F.ProductRepositoryTest:632 - No active profile set, falling back to 1 default profile: "default"
2023-07-03 08:21:09 INFO  c.m.F.ProductRepositoryTest:57 - Started ProductRepositoryTest in 3.529 seconds (process running for 4.817)
2023-07-03 08:25:58 INFO  c.m.F.ProductRepositoryTest:51 - Starting ProductRepositoryTest using Java 17.0.6 with PID 30280 (started by roksa in C:\Users\roksa\OneDrive\Desktop\Programowanie\FoodStore\FoodStore)
2023-07-03 08:25:58 INFO  c.m.F.ProductRepositoryTest:632 - No active profile set, falling back to 1 default profile: "default"
2023-07-03 08:26:01 INFO  c.m.F.ProductRepositoryTest:57 - Started ProductRepositoryTest in 3.129 seconds (process running for 4.281)
2023-07-03 08:27:42 INFO  c.m.F.ProductRepositoryTest:51 - Starting ProductRepositoryTest using Java 17.0.6 with PID 32112 (started by roksa in C:\Users\roksa\OneDrive\Desktop\Programowanie\FoodStore\FoodStore)
2023-07-03 08:27:42 INFO  c.m.F.ProductRepositoryTest:632 - No active profile set, falling back to 1 default profile: "default"
2023-07-03 08:27:44 INFO  c.m.F.ProductRepositoryTest:57 - Started ProductRepositoryTest in 3.069 seconds (process running for 4.242)
2023-07-03 08:35:37 INFO  c.m.F.ProductRepositoryTest:51 - Starting ProductRepositoryTest using Java 17.0.6 with PID 6784 (started by roksa in C:\Users\roksa\OneDrive\Desktop\Programowanie\FoodStore\FoodStore)
2023-07-03 08:35:37 INFO  c.m.F.ProductRepositoryTest:632 - No active profile set, falling back to 1 default profile: "default"
2023-07-03 08:35:40 INFO  c.m.F.ProductRepositoryTest:57 - Started ProductRepositoryTest in 2.991 seconds (process running for 4.049)
2023-07-03 08:46:27 INFO  c.m.F.ProductRepositoryTest:51 - Starting ProductRepositoryTest using Java 17.0.6 with PID 13632 (started by roksa in C:\Users\roksa\OneDrive\Desktop\Programowanie\FoodStore\FoodStore)
2023-07-03 08:46:27 INFO  c.m.F.ProductRepositoryTest:632 - No active profile set, falling back to 1 default profile: "default"
2023-07-03 08:46:30 INFO  c.m.F.ProductRepositoryTest:57 - Started ProductRepositoryTest in 3.239 seconds (process running for 4.368)
2023-07-03 09:01:53 INFO  c.m.F.OrderRepositoryTest:51 - Starting OrderRepositoryTest using Java 17.0.6 with PID 2788 (started by roksa in C:\Users\roksa\OneDrive\Desktop\Programowanie\FoodStore\FoodStore)
2023-07-03 09:01:53 INFO  c.m.F.OrderRepositoryTest:632 - No active profile set, falling back to 1 default profile: "default"
2023-07-03 09:01:56 INFO  c.m.F.OrderRepositoryTest:57 - Started OrderRepositoryTest in 3.28 seconds (process running for 4.432)
2023-07-03 09:10:28 INFO  c.m.F.OrderRepositoryTest:51 - Starting OrderRepositoryTest using Java 17.0.6 with PID 31244 (started by roksa in C:\Users\roksa\OneDrive\Desktop\Programowanie\FoodStore\FoodStore)
2023-07-03 09:10:28 INFO  c.m.F.OrderRepositoryTest:632 - No active profile set, falling back to 1 default profile: "default"
2023-07-03 09:10:31 INFO  c.m.F.OrderRepositoryTest:57 - Started OrderRepositoryTest in 3.169 seconds (process running for 4.223)
2023-07-03 09:53:27 INFO  c.m.F.ProductRepositoryTest:51 - Starting ProductRepositoryTest using Java 17.0.6 with PID 32344 (started by roksa in C:\Users\roksa\OneDrive\Desktop\Programowanie\FoodStore\FoodStore)
2023-07-03 09:53:27 INFO  c.m.F.ProductRepositoryTest:632 - No active profile set, falling back to 1 default profile: "default"
2023-07-03 09:53:31 INFO  c.m.F.ProductRepositoryTest:57 - Started ProductRepositoryTest in 3.385 seconds (process running for 4.563)
2023-07-03 09:54:46 INFO  c.m.F.ProductRepositoryTest:51 - Starting ProductRepositoryTest using Java 17.0.6 with PID 20700 (started by roksa in C:\Users\roksa\OneDrive\Desktop\Programowanie\FoodStore\FoodStore)
2023-07-03 09:54:46 INFO  c.m.F.ProductRepositoryTest:632 - No active profile set, falling back to 1 default profile: "default"
2023-07-03 09:54:49 INFO  c.m.F.ProductRepositoryTest:57 - Started ProductRepositoryTest in 3.16 seconds (process running for 4.359)
2023-07-03 09:58:37 INFO  c.m.F.Cart:61 - Produkt dodany do koszyka
2023-07-03 09:58:37 INFO  c.m.F.Cart:61 - Produkt dodany do koszyka
2023-07-03 09:59:10 INFO  c.m.F.Cart:61 - Produkt dodany do koszyka
2023-07-03 09:59:12 INFO  c.m.F.Cart:61 - Produkt dodany do koszyka
2023-07-03 10:04:42 INFO  c.m.F.ProductRepositoryTest:51 - Starting ProductRepositoryTest using Java 17.0.6 with PID 15536 (started by roksa in C:\Users\roksa\OneDrive\Desktop\Programowanie\FoodStore\FoodStore)
2023-07-03 10:04:42 INFO  c.m.F.ProductRepositoryTest:632 - No active profile set, falling back to 1 default profile: "default"
2023-07-03 10:04:45 INFO  c.m.F.ProductRepositoryTest:57 - Started ProductRepositoryTest in 3.213 seconds (process running for 4.382)
2023-07-03 10:09:52 INFO  c.m.F.ProductRepositoryTest:51 - Starting ProductRepositoryTest using Java 17.0.6 with PID 31952 (started by roksa in C:\Users\roksa\OneDrive\Desktop\Programowanie\FoodStore\FoodStore)
2023-07-03 10:09:52 INFO  c.m.F.ProductRepositoryTest:632 - No active profile set, falling back to 1 default profile: "default"
2023-07-03 10:09:55 INFO  c.m.F.ProductRepositoryTest:57 - Started ProductRepositoryTest in 3.202 seconds (process running for 4.427)
2023-07-03 10:10:30 INFO  c.m.F.ProductRepositoryTest:51 - Starting ProductRepositoryTest using Java 17.0.6 with PID 4520 (started by roksa in C:\Users\roksa\OneDrive\Desktop\Programowanie\FoodStore\FoodStore)
2023-07-03 10:10:30 INFO  c.m.F.ProductRepositoryTest:632 - No active profile set, falling back to 1 default profile: "default"
2023-07-03 10:10:33 INFO  c.m.F.ProductRepositoryTest:57 - Started ProductRepositoryTest in 3.127 seconds (process running for 4.268)
2023-07-03 11:36:42 INFO  c.m.F.ProductRepositoryTest:51 - Starting ProductRepositoryTest using Java 17.0.6 with PID 20932 (started by roksa in C:\Users\roksa\OneDrive\Desktop\Programowanie\FoodStore\FoodStore)
2023-07-03 11:36:42 INFO  c.m.F.ProductRepositoryTest:632 - No active profile set, falling back to 1 default profile: "default"
2023-07-03 11:36:45 INFO  c.m.F.ProductRepositoryTest:57 - Started ProductRepositoryTest in 3.428 seconds (process running for 4.711)
2023-07-03 11:37:34 INFO  c.m.F.ProductRepositoryTest:51 - Starting ProductRepositoryTest using Java 17.0.6 with PID 13908 (started by roksa in C:\Users\roksa\OneDrive\Desktop\Programowanie\FoodStore\FoodStore)
2023-07-03 11:37:34 INFO  c.m.F.ProductRepositoryTest:632 - No active profile set, falling back to 1 default profile: "default"
2023-07-03 11:37:37 INFO  c.m.F.ProductRepositoryTest:57 - Started ProductRepositoryTest in 3.223 seconds (process running for 4.372)
2023-07-03 11:38:03 INFO  c.m.F.ProductRepositoryTest:51 - Starting ProductRepositoryTest using Java 17.0.6 with PID 25016 (started by roksa in C:\Users\roksa\OneDrive\Desktop\Programowanie\FoodStore\FoodStore)
2023-07-03 11:38:03 INFO  c.m.F.ProductRepositoryTest:632 - No active profile set, falling back to 1 default profile: "default"
2023-07-03 11:38:06 INFO  c.m.F.ProductRepositoryTest:57 - Started ProductRepositoryTest in 3.172 seconds (process running for 4.328)
2023-07-03 11:40:34 INFO  c.m.F.ProductRepositoryTest:51 - Starting ProductRepositoryTest using Java 17.0.6 with PID 33092 (started by roksa in C:\Users\roksa\OneDrive\Desktop\Programowanie\FoodStore\FoodStore)
2023-07-03 11:40:34 INFO  c.m.F.ProductRepositoryTest:632 - No active profile set, falling back to 1 default profile: "default"
2023-07-03 11:40:37 INFO  c.m.F.ProductRepositoryTest:57 - Started ProductRepositoryTest in 3.308 seconds (process running for 4.507)
2023-07-03 11:51:26 INFO  c.m.F.OrderRepositoryTests:51 - Starting OrderRepositoryTests using Java 17.0.6 with PID 30888 (started by roksa in C:\Users\roksa\OneDrive\Desktop\Programowanie\FoodStore\FoodStore)
2023-07-03 11:51:26 INFO  c.m.F.OrderRepositoryTests:632 - No active profile set, falling back to 1 default profile: "default"
2023-07-03 11:51:29 INFO  c.m.F.OrderRepositoryTests:57 - Started OrderRepositoryTests in 2.996 seconds (process running for 4.224)
2023-07-03 11:59:46 INFO  c.m.F.UserRepositoryTests:51 - Starting UserRepositoryTests using Java 17.0.6 with PID 29992 (started by roksa in C:\Users\roksa\OneDrive\Desktop\Programowanie\FoodStore\FoodStore)
2023-07-03 11:59:46 INFO  c.m.F.UserRepositoryTests:632 - No active profile set, falling back to 1 default profile: "default"
2023-07-03 11:59:50 INFO  c.m.F.UserRepositoryTests:57 - Started UserRepositoryTests in 4.272 seconds (process running for 5.722)
2023-07-03 12:01:00 INFO  c.m.F.UserRepositoryTests:51 - Starting UserRepositoryTests using Java 17.0.6 with PID 17660 (started by roksa in C:\Users\roksa\OneDrive\Desktop\Programowanie\FoodStore\FoodStore)
2023-07-03 12:01:00 INFO  c.m.F.UserRepositoryTests:632 - No active profile set, falling back to 1 default profile: "default"
2023-07-03 12:01:04 INFO  c.m.F.UserRepositoryTests:57 - Started UserRepositoryTests in 4.264 seconds (process running for 5.742)
2023-07-03 12:01:23 INFO  c.m.F.UserRepositoryTests:51 - Starting UserRepositoryTests using Java 17.0.6 with PID 14356 (started by roksa in C:\Users\roksa\OneDrive\Desktop\Programowanie\FoodStore\FoodStore)
2023-07-03 12:01:23 INFO  c.m.F.UserRepositoryTests:632 - No active profile set, falling back to 1 default profile: "default"
2023-07-03 12:01:27 INFO  c.m.F.UserRepositoryTests:57 - Started UserRepositoryTests in 4.266 seconds (process running for 5.736)
2023-07-03 12:05:21 INFO  c.m.F.UserRepositoryTests:51 - Starting UserRepositoryTests using Java 17.0.6 with PID 32204 (started by roksa in C:\Users\roksa\OneDrive\Desktop\Programowanie\FoodStore\FoodStore)
2023-07-03 12:05:21 INFO  c.m.F.UserRepositoryTests:632 - No active profile set, falling back to 1 default profile: "default"
2023-07-03 12:05:25 INFO  c.m.F.UserRepositoryTests:57 - Started UserRepositoryTests in 4.206 seconds (process running for 5.612)
2023-07-03 12:12:29 INFO  c.m.F.UserRepositoryTests:51 - Starting UserRepositoryTests using Java 17.0.6 with PID 30564 (started by roksa in C:\Users\roksa\OneDrive\Desktop\Programowanie\FoodStore\FoodStore)
2023-07-03 12:12:29 INFO  c.m.F.UserRepositoryTests:632 - No active profile set, falling back to 1 default profile: "default"
2023-07-03 12:12:33 INFO  c.m.F.UserRepositoryTests:57 - Started UserRepositoryTests in 4.798 seconds (process running for 6.524)
2023-07-03 12:14:13 INFO  c.m.F.UserRepositoryTests:51 - Starting UserRepositoryTests using Java 17.0.6 with PID 22192 (started by roksa in C:\Users\roksa\OneDrive\Desktop\Programowanie\FoodStore\FoodStore)
2023-07-03 12:14:13 INFO  c.m.F.UserRepositoryTests:632 - No active profile set, falling back to 1 default profile: "default"
2023-07-03 12:14:18 INFO  c.m.F.UserRepositoryTests:57 - Started UserRepositoryTests in 5.299 seconds (process running for 7.133)
2023-07-03 12:14:36 INFO  c.m.F.UserRepositoryTests:51 - Starting UserRepositoryTests using Java 17.0.6 with PID 14828 (started by roksa in C:\Users\roksa\OneDrive\Desktop\Programowanie\FoodStore\FoodStore)
2023-07-03 12:14:36 INFO  c.m.F.UserRepositoryTests:632 - No active profile set, falling back to 1 default profile: "default"
2023-07-03 12:14:41 INFO  c.m.F.UserRepositoryTests:57 - Started UserRepositoryTests in 4.735 seconds (process running for 6.499)
2023-07-04 13:01:47 INFO  c.m.F.FoodStoreApplication:51 - Starting FoodStoreApplication using Java 17.0.6 with PID 25028 (C:\Users\roksa\OneDrive\Desktop\Programowanie\FoodStore\FoodStore\target\classes started by roksa in C:\Users\roksa\OneDrive\Desktop\Programowanie\FoodStore\FoodStore)
2023-07-04 13:01:47 INFO  c.m.F.FoodStoreApplication:632 - No active profile set, falling back to 1 default profile: "default"
2023-07-04 13:01:52 INFO  c.m.F.FoodStoreApplication:57 - Started FoodStoreApplication in 4.701 seconds (process running for 5.272)
2023-07-04 13:07:55 INFO  c.m.F.FoodStoreApplication:51 - Starting FoodStoreApplication using Java 17.0.6 with PID 15000 (C:\Users\roksa\OneDrive\Desktop\Programowanie\FoodStore\FoodStore\target\classes started by roksa in C:\Users\roksa\OneDrive\Desktop\Programowanie\FoodStore\FoodStore)
2023-07-04 13:07:55 INFO  c.m.F.FoodStoreApplication:632 - No active profile set, falling back to 1 default profile: "default"
2023-07-04 13:07:59 INFO  c.m.F.FoodStoreApplication:57 - Started FoodStoreApplication in 4.333 seconds (process running for 4.847)
2023-07-04 13:09:44 INFO  c.m.F.FoodStoreApplication:51 - Starting FoodStoreApplication using Java 17.0.6 with PID 17032 (C:\Users\roksa\OneDrive\Desktop\Programowanie\FoodStore\FoodStore\target\classes started by roksa in C:\Users\roksa\OneDrive\Desktop\Programowanie\FoodStore\FoodStore)
2023-07-04 13:09:44 INFO  c.m.F.FoodStoreApplication:632 - No active profile set, falling back to 1 default profile: "default"
2023-07-04 13:09:48 INFO  c.m.F.FoodStoreApplication:57 - Started FoodStoreApplication in 4.456 seconds (process running for 4.957)
2023-07-04 13:48:19 INFO  c.m.F.FoodStoreApplication:51 - Starting FoodStoreApplication using Java 17.0.6 with PID 9844 (C:\Users\roksa\OneDrive\Desktop\Programowanie\FoodStore\FoodStore\target\classes started by roksa in C:\Users\roksa\OneDrive\Desktop\Programowanie\FoodStore\FoodStore)
2023-07-04 13:48:19 INFO  c.m.F.FoodStoreApplication:632 - No active profile set, falling back to 1 default profile: "default"
2023-07-04 13:48:23 INFO  c.m.F.FoodStoreApplication:57 - Started FoodStoreApplication in 4.818 seconds (process running for 5.423)
2023-07-04 13:50:25 INFO  c.m.F.FoodStoreApplication:51 - Starting FoodStoreApplication using Java 17.0.6 with PID 15536 (C:\Users\roksa\OneDrive\Desktop\Programowanie\FoodStore\FoodStore\target\classes started by roksa in C:\Users\roksa\OneDrive\Desktop\Programowanie\FoodStore\FoodStore)
2023-07-04 13:50:25 INFO  c.m.F.FoodStoreApplication:632 - No active profile set, falling back to 1 default profile: "default"
2023-07-04 13:50:29 INFO  c.m.F.FoodStoreApplication:57 - Started FoodStoreApplication in 4.448 seconds (process running for 4.976)
2023-07-04 13:50:58 INFO  c.m.F.FoodStoreApplication:51 - Starting FoodStoreApplication using Java 17.0.6 with PID 30932 (C:\Users\roksa\OneDrive\Desktop\Programowanie\FoodStore\FoodStore\target\classes started by roksa in C:\Users\roksa\OneDrive\Desktop\Programowanie\FoodStore\FoodStore)
2023-07-04 13:50:58 INFO  c.m.F.FoodStoreApplication:632 - No active profile set, falling back to 1 default profile: "default"
2023-07-04 13:51:02 INFO  c.m.F.FoodStoreApplication:57 - Started FoodStoreApplication in 4.355 seconds (process running for 4.848)
2023-07-04 13:52:01 INFO  c.m.F.FoodStoreApplication:51 - Starting FoodStoreApplication using Java 17.0.6 with PID 27284 (C:\Users\roksa\OneDrive\Desktop\Programowanie\FoodStore\FoodStore\target\classes started by roksa in C:\Users\roksa\OneDrive\Desktop\Programowanie\FoodStore\FoodStore)
2023-07-04 13:52:01 INFO  c.m.F.FoodStoreApplication:632 - No active profile set, falling back to 1 default profile: "default"
2023-07-04 13:52:05 INFO  c.m.F.FoodStoreApplication:57 - Started FoodStoreApplication in 4.295 seconds (process running for 4.787)
2023-07-04 13:53:05 INFO  c.m.F.FoodStoreApplication:51 - Starting FoodStoreApplication using Java 17.0.6 with PID 26884 (C:\Users\roksa\OneDrive\Desktop\Programowanie\FoodStore\FoodStore\target\classes started by roksa in C:\Users\roksa\OneDrive\Desktop\Programowanie\FoodStore\FoodStore)
2023-07-04 13:53:05 INFO  c.m.F.FoodStoreApplication:632 - No active profile set, falling back to 1 default profile: "default"
2023-07-04 13:53:09 INFO  c.m.F.FoodStoreApplication:57 - Started FoodStoreApplication in 4.465 seconds (process running for 4.974)
2023-07-04 13:54:14 INFO  c.m.F.FoodStoreApplication:51 - Starting FoodStoreApplication using Java 17.0.6 with PID 18108 (C:\Users\roksa\OneDrive\Desktop\Programowanie\FoodStore\FoodStore\target\classes started by roksa in C:\Users\roksa\OneDrive\Desktop\Programowanie\FoodStore\FoodStore)
2023-07-04 13:54:14 INFO  c.m.F.FoodStoreApplication:632 - No active profile set, falling back to 1 default profile: "default"
2023-07-04 13:54:18 INFO  c.m.F.FoodStoreApplication:57 - Started FoodStoreApplication in 4.473 seconds (process running for 4.975)
2023-07-04 13:54:24 INFO  c.m.F.FoodStoreApplication:51 - Starting FoodStoreApplication using Java 17.0.6 with PID 10448 (C:\Users\roksa\OneDrive\Desktop\Programowanie\FoodStore\FoodStore\target\classes started by roksa in C:\Users\roksa\OneDrive\Desktop\Programowanie\FoodStore\FoodStore)
2023-07-04 13:54:24 INFO  c.m.F.FoodStoreApplication:632 - No active profile set, falling back to 1 default profile: "default"
2023-07-04 13:54:28 INFO  c.m.F.FoodStoreApplication:57 - Started FoodStoreApplication in 4.975 seconds (process running for 5.47)
2023-07-04 13:58:46 INFO  c.m.F.FoodStoreApplication:51 - Starting FoodStoreApplication using Java 17.0.6 with PID 18696 (C:\Users\roksa\OneDrive\Desktop\Programowanie\FoodStore\FoodStore\target\classes started by roksa in C:\Users\roksa\OneDrive\Desktop\Programowanie\FoodStore\FoodStore)
2023-07-04 13:58:46 INFO  c.m.F.FoodStoreApplication:632 - No active profile set, falling back to 1 default profile: "default"
2023-07-04 13:58:50 INFO  c.m.F.FoodStoreApplication:57 - Started FoodStoreApplication in 4.573 seconds (process running for 5.067)
2023-07-04 14:00:49 INFO  c.m.F.FoodStoreApplication:51 - Starting FoodStoreApplication using Java 17.0.6 with PID 12088 (C:\Users\roksa\OneDrive\Desktop\Programowanie\FoodStore\FoodStore\target\classes started by roksa in C:\Users\roksa\OneDrive\Desktop\Programowanie\FoodStore\FoodStore)
2023-07-04 14:00:49 INFO  c.m.F.FoodStoreApplication:632 - No active profile set, falling back to 1 default profile: "default"
2023-07-04 14:00:54 INFO  c.m.F.FoodStoreApplication:57 - Started FoodStoreApplication in 4.67 seconds (process running for 5.16)
2023-07-04 14:04:23 INFO  c.m.F.FoodStoreApplication:51 - Starting FoodStoreApplication using Java 17.0.6 with PID 29128 (C:\Users\roksa\OneDrive\Desktop\Programowanie\FoodStore\FoodStore\target\classes started by roksa in C:\Users\roksa\OneDrive\Desktop\Programowanie\FoodStore\FoodStore)
2023-07-04 14:04:23 INFO  c.m.F.FoodStoreApplication:632 - No active profile set, falling back to 1 default profile: "default"
2023-07-04 14:04:27 INFO  c.m.F.FoodStoreApplication:57 - Started FoodStoreApplication in 4.734 seconds (process running for 5.295)
2023-07-04 14:05:07 INFO  c.m.F.FoodStoreApplication:51 - Starting FoodStoreApplication using Java 17.0.6 with PID 33640 (C:\Users\roksa\OneDrive\Desktop\Programowanie\FoodStore\FoodStore\target\classes started by roksa in C:\Users\roksa\OneDrive\Desktop\Programowanie\FoodStore\FoodStore)
2023-07-04 14:05:07 INFO  c.m.F.FoodStoreApplication:632 - No active profile set, falling back to 1 default profile: "default"
2023-07-04 14:05:11 INFO  c.m.F.FoodStoreApplication:57 - Started FoodStoreApplication in 4.519 seconds (process running for 5.057)
2023-07-04 14:08:11 INFO  c.m.F.FoodStoreApplication:51 - Starting FoodStoreApplication using Java 17.0.6 with PID 19316 (C:\Users\roksa\OneDrive\Desktop\Programowanie\FoodStore\FoodStore\target\classes started by roksa in C:\Users\roksa\OneDrive\Desktop\Programowanie\FoodStore\FoodStore)
2023-07-04 14:08:11 INFO  c.m.F.FoodStoreApplication:632 - No active profile set, falling back to 1 default profile: "default"
2023-07-04 14:08:16 INFO  c.m.F.FoodStoreApplication:57 - Started FoodStoreApplication in 4.974 seconds (process running for 5.517)
2023-07-04 14:20:08 INFO  c.m.F.FoodStoreApplication:51 - Starting FoodStoreApplication using Java 17.0.6 with PID 17172 (C:\Users\roksa\OneDrive\Desktop\Programowanie\FoodStore\FoodStore\target\classes started by roksa in C:\Users\roksa\OneDrive\Desktop\Programowanie\FoodStore\FoodStore)
2023-07-04 14:20:08 INFO  c.m.F.FoodStoreApplication:632 - No active profile set, falling back to 1 default profile: "default"
2023-07-04 14:20:12 INFO  c.m.F.FoodStoreApplication:57 - Started FoodStoreApplication in 4.217 seconds (process running for 4.677)
2023-07-04 14:21:07 INFO  c.m.F.FoodStoreApplication:51 - Starting FoodStoreApplication using Java 17.0.6 with PID 9856 (C:\Users\roksa\OneDrive\Desktop\Programowanie\FoodStore\FoodStore\target\classes started by roksa in C:\Users\roksa\OneDrive\Desktop\Programowanie\FoodStore\FoodStore)
2023-07-04 14:21:07 INFO  c.m.F.FoodStoreApplication:632 - No active profile set, falling back to 1 default profile: "default"
2023-07-04 14:21:11 INFO  c.m.F.FoodStoreApplication:57 - Started FoodStoreApplication in 4.308 seconds (process running for 4.803)
2023-07-04 14:22:07 INFO  c.m.F.FoodStoreApplication:51 - Starting FoodStoreApplication using Java 17.0.6 with PID 16688 (C:\Users\roksa\OneDrive\Desktop\Programowanie\FoodStore\FoodStore\target\classes started by roksa in C:\Users\roksa\OneDrive\Desktop\Programowanie\FoodStore\FoodStore)
2023-07-04 14:22:07 INFO  c.m.F.FoodStoreApplication:632 - No active profile set, falling back to 1 default profile: "default"
2023-07-04 14:22:11 INFO  c.m.F.FoodStoreApplication:57 - Started FoodStoreApplication in 4.629 seconds (process running for 5.09)
2023-07-04 14:34:07 INFO  c.m.F.Cart:51 - Password validated successfully: IamMark!123
2023-07-04 14:34:07 INFO  c.m.F.Cart:69 - Email mark@mark.com can be used by new user - does not exist in db
2023-07-04 14:34:07 INFO  c.m.F.Cart:84 - Username Mark can be used by new user - does not exist in db
2023-07-04 14:34:07 INFO  c.m.F.Cart:34 - User successfully registered with name: Mark
2023-07-04 14:34:14 INFO  c.m.F.Cart:97 - Password IamMark!123 used for log-in is correct
2023-07-04 14:34:24 INFO  c.m.F.Cart:62 - Produkt dodany do koszyka
2023-07-04 14:34:25 INFO  c.m.F.Cart:62 - Produkt dodany do koszyka
2023-07-04 14:34:28 INFO  c.m.F.Cart:62 - Produkt dodany do koszyka
2023-07-04 14:34:30 INFO  c.m.F.Cart:62 - Produkt dodany do koszyka
2023-07-04 14:36:17 INFO  c.m.F.Cart:62 - Produkt dodany do koszyka
2023-07-04 14:36:20 INFO  c.m.F.Cart:62 - Produkt dodany do koszyka
2023-07-04 14:36:20 INFO  c.m.F.Cart:62 - Produkt dodany do koszyka
2023-07-04 14:36:21 INFO  c.m.F.Cart:62 - Produkt dodany do koszyka
2023-07-04 14:36:36 INFO  c.m.F.Cart:62 - Produkt dodany do koszyka
2023-07-04 14:36:40 INFO  c.m.F.Cart:62 - Produkt dodany do koszyka
2023-07-04 14:36:41 INFO  c.m.F.Cart:62 - Produkt dodany do koszyka
2023-07-04 14:48:02 INFO  c.m.F.FoodStoreApplication:51 - Starting FoodStoreApplication using Java 17.0.6 with PID 19004 (C:\Users\roksa\OneDrive\Desktop\Programowanie\FoodStore\FoodStore\target\classes started by roksa in C:\Users\roksa\OneDrive\Desktop\Programowanie\FoodStore\FoodStore)
2023-07-04 14:48:02 INFO  c.m.F.FoodStoreApplication:632 - No active profile set, falling back to 1 default profile: "default"
2023-07-04 14:48:06 INFO  c.m.F.FoodStoreApplication:57 - Started FoodStoreApplication in 4.468 seconds (process running for 5.413)
2023-07-04 14:49:52 INFO  c.m.F.FoodStoreApplication:51 - Starting FoodStoreApplication using Java 17.0.6 with PID 25576 (C:\Users\roksa\OneDrive\Desktop\Programowanie\FoodStore\FoodStore\target\classes started by roksa in C:\Users\roksa\OneDrive\Desktop\Programowanie\FoodStore\FoodStore)
2023-07-04 14:49:52 INFO  c.m.F.FoodStoreApplication:632 - No active profile set, falling back to 1 default profile: "default"
2023-07-04 14:49:57 INFO  c.m.F.FoodStoreApplication:57 - Started FoodStoreApplication in 4.674 seconds (process running for 5.213)
2023-07-04 14:52:59 INFO  c.m.F.FoodStoreApplication:51 - Starting FoodStoreApplication using Java 17.0.6 with PID 24968 (C:\Users\roksa\OneDrive\Desktop\Programowanie\FoodStore\FoodStore\target\classes started by roksa in C:\Users\roksa\OneDrive\Desktop\Programowanie\FoodStore\FoodStore)
2023-07-04 14:52:59 INFO  c.m.F.FoodStoreApplication:632 - No active profile set, falling back to 1 default profile: "default"
2023-07-04 14:53:03 INFO  c.m.F.FoodStoreApplication:57 - Started FoodStoreApplication in 4.626 seconds (process running for 5.165)
2023-07-04 14:53:36 INFO  c.m.F.Cart:98 - Password Roksanusia7! used for log-in is correct
2023-07-04 14:58:17 INFO  c.m.F.FoodStoreApplication:51 - Starting FoodStoreApplication using Java 17.0.6 with PID 18392 (C:\Users\roksa\OneDrive\Desktop\Programowanie\FoodStore\FoodStore\target\classes started by roksa in C:\Users\roksa\OneDrive\Desktop\Programowanie\FoodStore\FoodStore)
2023-07-04 14:58:17 INFO  c.m.F.FoodStoreApplication:632 - No active profile set, falling back to 1 default profile: "default"
2023-07-04 14:58:22 INFO  c.m.F.FoodStoreApplication:57 - Started FoodStoreApplication in 4.663 seconds (process running for 5.176)
2023-07-04 14:58:35 INFO  c.m.F.Cart:98 - Password Roksanusia7! used for log-in is correct
2023-07-04 15:00:50 INFO  c.m.F.FoodStoreApplication:51 - Starting FoodStoreApplication using Java 17.0.6 with PID 17768 (C:\Users\roksa\OneDrive\Desktop\Programowanie\FoodStore\FoodStore\target\classes started by roksa in C:\Users\roksa\OneDrive\Desktop\Programowanie\FoodStore\FoodStore)
2023-07-04 15:00:50 INFO  c.m.F.FoodStoreApplication:632 - No active profile set, falling back to 1 default profile: "default"
2023-07-04 15:00:54 INFO  c.m.F.FoodStoreApplication:57 - Started FoodStoreApplication in 4.524 seconds (process running for 5.031)
2023-07-04 15:01:15 INFO  c.m.F.Cart:98 - Password Roksanusia7! used for log-in is correct
2023-07-04 15:02:09 INFO  c.m.F.FoodStoreApplication:51 - Starting FoodStoreApplication using Java 17.0.6 with PID 1576 (C:\Users\roksa\OneDrive\Desktop\Programowanie\FoodStore\FoodStore\target\classes started by roksa in C:\Users\roksa\OneDrive\Desktop\Programowanie\FoodStore\FoodStore)
2023-07-04 15:02:09 INFO  c.m.F.FoodStoreApplication:632 - No active profile set, falling back to 1 default profile: "default"
2023-07-04 15:02:13 INFO  c.m.F.FoodStoreApplication:57 - Started FoodStoreApplication in 4.368 seconds (process running for 4.851)
2023-07-04 15:02:29 INFO  c.m.F.Cart:98 - Password Roksanusia7! used for log-in is correct
2023-07-04 15:06:24 INFO  c.m.F.Cart:98 - Password Roksanusia7! used for log-in is correct
2023-07-04 15:08:46 INFO  c.m.F.FoodStoreApplication:51 - Starting FoodStoreApplication using Java 17.0.6 with PID 7160 (C:\Users\roksa\OneDrive\Desktop\Programowanie\FoodStore\FoodStore\target\classes started by roksa in C:\Users\roksa\OneDrive\Desktop\Programowanie\FoodStore\FoodStore)
2023-07-04 15:08:46 INFO  c.m.F.FoodStoreApplication:632 - No active profile set, falling back to 1 default profile: "default"
2023-07-04 15:08:50 INFO  c.m.F.FoodStoreApplication:57 - Started FoodStoreApplication in 4.442 seconds (process running for 4.944)
2023-07-04 15:10:25 INFO  c.m.F.Cart:98 - Password Roksanusia7! used for log-in is correct
2023-07-04 15:12:32 INFO  c.m.F.FoodStoreApplication:51 - Starting FoodStoreApplication using Java 17.0.6 with PID 20996 (C:\Users\roksa\OneDrive\Desktop\Programowanie\FoodStore\FoodStore\target\classes started by roksa in C:\Users\roksa\OneDrive\Desktop\Programowanie\FoodStore\FoodStore)
2023-07-04 15:12:32 INFO  c.m.F.FoodStoreApplication:632 - No active profile set, falling back to 1 default profile: "default"
2023-07-04 15:12:36 INFO  c.m.F.FoodStoreApplication:57 - Started FoodStoreApplication in 4.404 seconds (process running for 4.893)
2023-07-04 15:13:02 INFO  c.m.F.Cart:98 - Password Roksanusia7! used for log-in is correct
2023-07-04 15:13:47 INFO  c.m.F.FoodStoreApplication:51 - Starting FoodStoreApplication using Java 17.0.6 with PID 27292 (C:\Users\roksa\OneDrive\Desktop\Programowanie\FoodStore\FoodStore\target\classes started by roksa in C:\Users\roksa\OneDrive\Desktop\Programowanie\FoodStore\FoodStore)
2023-07-04 15:13:47 INFO  c.m.F.FoodStoreApplication:632 - No active profile set, falling back to 1 default profile: "default"
2023-07-04 15:13:51 INFO  c.m.F.FoodStoreApplication:57 - Started FoodStoreApplication in 4.635 seconds (process running for 5.141)
2023-07-04 15:14:18 INFO  c.m.F.Cart:98 - Password Roksanusia7! used for log-in is correct
2023-07-04 15:16:31 INFO  c.m.F.FoodStoreApplication:51 - Starting FoodStoreApplication using Java 17.0.6 with PID 20056 (C:\Users\roksa\OneDrive\Desktop\Programowanie\FoodStore\FoodStore\target\classes started by roksa in C:\Users\roksa\OneDrive\Desktop\Programowanie\FoodStore\FoodStore)
2023-07-04 15:16:31 INFO  c.m.F.FoodStoreApplication:632 - No active profile set, falling back to 1 default profile: "default"
2023-07-04 15:16:36 INFO  c.m.F.FoodStoreApplication:57 - Started FoodStoreApplication in 4.587 seconds (process running for 5.111)
2023-07-04 15:16:52 INFO  c.m.F.Cart:98 - Password Roksanusia7! used for log-in is correct
2023-07-04 15:18:32 INFO  c.m.F.FoodStoreApplication:51 - Starting FoodStoreApplication using Java 17.0.6 with PID 16988 (C:\Users\roksa\OneDrive\Desktop\Programowanie\FoodStore\FoodStore\target\classes started by roksa in C:\Users\roksa\OneDrive\Desktop\Programowanie\FoodStore\FoodStore)
2023-07-04 15:18:32 INFO  c.m.F.FoodStoreApplication:632 - No active profile set, falling back to 1 default profile: "default"
2023-07-04 15:18:36 INFO  c.m.F.FoodStoreApplication:57 - Started FoodStoreApplication in 4.417 seconds (process running for 4.904)
2023-07-04 15:18:48 INFO  c.m.F.Cart:98 - Password Roksanusia7! used for log-in is correct
2023-07-04 15:21:18 INFO  c.m.F.FoodStoreApplication:51 - Starting FoodStoreApplication using Java 17.0.6 with PID 4064 (C:\Users\roksa\OneDrive\Desktop\Programowanie\FoodStore\FoodStore\target\classes started by roksa in C:\Users\roksa\OneDrive\Desktop\Programowanie\FoodStore\FoodStore)
2023-07-04 15:21:18 INFO  c.m.F.FoodStoreApplication:632 - No active profile set, falling back to 1 default profile: "default"
2023-07-04 15:21:22 INFO  c.m.F.FoodStoreApplication:57 - Started FoodStoreApplication in 4.306 seconds (process running for 4.825)
2023-07-04 15:21:46 INFO  c.m.F.FoodStoreApplication:51 - Starting FoodStoreApplication using Java 17.0.6 with PID 33128 (C:\Users\roksa\OneDrive\Desktop\Programowanie\FoodStore\FoodStore\target\classes started by roksa in C:\Users\roksa\OneDrive\Desktop\Programowanie\FoodStore\FoodStore)
2023-07-04 15:21:46 INFO  c.m.F.FoodStoreApplication:632 - No active profile set, falling back to 1 default profile: "default"
2023-07-04 15:21:50 INFO  c.m.F.FoodStoreApplication:57 - Started FoodStoreApplication in 4.565 seconds (process running for 5.165)
2023-07-04 15:22:46 INFO  c.m.F.FoodStoreApplication:51 - Starting FoodStoreApplication using Java 17.0.6 with PID 15528 (C:\Users\roksa\OneDrive\Desktop\Programowanie\FoodStore\FoodStore\target\classes started by roksa in C:\Users\roksa\OneDrive\Desktop\Programowanie\FoodStore\FoodStore)
2023-07-04 15:22:46 INFO  c.m.F.FoodStoreApplication:632 - No active profile set, falling back to 1 default profile: "default"
2023-07-04 15:22:50 INFO  c.m.F.FoodStoreApplication:57 - Started FoodStoreApplication in 4.383 seconds (process running for 4.872)
2023-07-04 15:23:01 INFO  c.m.F.Cart:98 - Password Roksanusia7! used for log-in is correct
2023-07-04 15:23:27 INFO  c.m.F.FoodStoreApplication:51 - Starting FoodStoreApplication using Java 17.0.6 with PID 21856 (C:\Users\roksa\OneDrive\Desktop\Programowanie\FoodStore\FoodStore\target\classes started by roksa in C:\Users\roksa\OneDrive\Desktop\Programowanie\FoodStore\FoodStore)
2023-07-04 15:23:27 INFO  c.m.F.FoodStoreApplication:632 - No active profile set, falling back to 1 default profile: "default"
2023-07-04 15:23:32 INFO  c.m.F.FoodStoreApplication:57 - Started FoodStoreApplication in 4.98 seconds (process running for 5.696)
2023-07-04 15:23:50 INFO  c.m.F.Cart:98 - Password Roksanusia7! used for log-in is correct
2023-07-04 15:24:22 INFO  c.m.F.FoodStoreApplication:51 - Starting FoodStoreApplication using Java 17.0.6 with PID 28428 (C:\Users\roksa\OneDrive\Desktop\Programowanie\FoodStore\FoodStore\target\classes started by roksa in C:\Users\roksa\OneDrive\Desktop\Programowanie\FoodStore\FoodStore)
2023-07-04 15:24:22 INFO  c.m.F.FoodStoreApplication:632 - No active profile set, falling back to 1 default profile: "default"
2023-07-04 15:24:26 INFO  c.m.F.FoodStoreApplication:57 - Started FoodStoreApplication in 4.486 seconds (process running for 4.972)
2023-07-04 15:24:38 INFO  c.m.F.Cart:98 - Password Roksanusia7! used for log-in is correct
2023-07-04 15:24:45 INFO  c.m.F.Cart:98 - Password Roksanusia7! used for log-in is correct
2023-07-04 15:39:03 INFO  c.m.F.FoodStoreApplication:51 - Starting FoodStoreApplication using Java 17.0.6 with PID 4648 (C:\Users\roksa\OneDrive\Desktop\Programowanie\FoodStore\FoodStore\target\classes started by roksa in C:\Users\roksa\OneDrive\Desktop\Programowanie\FoodStore\FoodStore)
2023-07-04 15:39:03 INFO  c.m.F.FoodStoreApplication:632 - No active profile set, falling back to 1 default profile: "default"
2023-07-04 15:39:07 INFO  c.m.F.FoodStoreApplication:57 - Started FoodStoreApplication in 4.639 seconds (process running for 5.264)
2023-07-04 21:20:51 INFO  c.m.F.FoodStoreApplication:51 - Starting FoodStoreApplication using Java 17.0.6 with PID 33736 (C:\Users\roksa\OneDrive\Desktop\Programowanie\FoodStore\FoodStore\target\classes started by roksa in C:\Users\roksa\OneDrive\Desktop\Programowanie\FoodStore\FoodStore)
2023-07-04 21:20:51 INFO  c.m.F.FoodStoreApplication:632 - No active profile set, falling back to 1 default profile: "default"
2023-07-04 21:20:56 INFO  c.m.F.FoodStoreApplication:57 - Started FoodStoreApplication in 5.362 seconds (process running for 6.841)
2023-07-04 21:27:04 INFO  c.m.F.FoodStoreApplication:51 - Starting FoodStoreApplication using Java 17.0.6 with PID 6520 (C:\Users\roksa\OneDrive\Desktop\Programowanie\FoodStore\FoodStore\target\classes started by roksa in C:\Users\roksa\OneDrive\Desktop\Programowanie\FoodStore\FoodStore)
2023-07-04 21:27:04 INFO  c.m.F.FoodStoreApplication:632 - No active profile set, falling back to 1 default profile: "default"
2023-07-04 21:27:09 INFO  c.m.F.FoodStoreApplication:57 - Started FoodStoreApplication in 4.671 seconds (process running for 5.235)
2023-07-04 21:28:13 INFO  c.m.F.FoodStoreApplication:51 - Starting FoodStoreApplication using Java 17.0.6 with PID 6148 (C:\Users\roksa\OneDrive\Desktop\Programowanie\FoodStore\FoodStore\target\classes started by roksa in C:\Users\roksa\OneDrive\Desktop\Programowanie\FoodStore\FoodStore)
2023-07-04 21:28:13 INFO  c.m.F.FoodStoreApplication:632 - No active profile set, falling back to 1 default profile: "default"
2023-07-04 21:28:17 INFO  c.m.F.FoodStoreApplication:57 - Started FoodStoreApplication in 4.691 seconds (process running for 5.225)
2023-07-04 21:28:36 INFO  c.m.F.FoodStoreApplication:51 - Starting FoodStoreApplication using Java 17.0.6 with PID 18668 (C:\Users\roksa\OneDrive\Desktop\Programowanie\FoodStore\FoodStore\target\classes started by roksa in C:\Users\roksa\OneDrive\Desktop\Programowanie\FoodStore\FoodStore)
2023-07-04 21:28:36 INFO  c.m.F.FoodStoreApplication:632 - No active profile set, falling back to 1 default profile: "default"
2023-07-04 21:28:40 INFO  c.m.F.FoodStoreApplication:57 - Started FoodStoreApplication in 4.614 seconds (process running for 5.137)
2023-07-04 21:31:42 INFO  c.m.F.Cart:98 - Password Roksanusia7! used for log-in is correct
2023-07-04 21:32:59 INFO  c.m.F.Cart:98 - Password Roksanusia7! used for log-in is correct
2023-07-04 21:33:07 INFO  c.m.F.Cart:62 - Produkt dodany do koszyka
2023-07-04 21:33:08 INFO  c.m.F.Cart:62 - Produkt dodany do koszyka
2023-07-04 21:33:22 INFO  c.m.F.Cart:62 - Produkt dodany do koszyka
2023-07-04 21:33:25 INFO  c.m.F.Cart:62 - Produkt dodany do koszyka
2023-07-04 21:33:25 INFO  c.m.F.Cart:62 - Produkt dodany do koszyka
2023-07-05 08:35:28 INFO  c.m.F.FoodStoreApplication:51 - Starting FoodStoreApplication using Java 17.0.6 with PID 9092 (C:\Users\roksa\OneDrive\Desktop\Programowanie\FoodStore\FoodStore\target\classes started by roksa in C:\Users\roksa\OneDrive\Desktop\Programowanie\FoodStore\FoodStore)
2023-07-05 08:35:28 INFO  c.m.F.FoodStoreApplication:632 - No active profile set, falling back to 1 default profile: "default"
2023-07-05 08:35:33 INFO  c.m.F.FoodStoreApplication:57 - Started FoodStoreApplication in 6.032 seconds (process running for 6.677)
2023-07-05 08:36:39 INFO  c.m.F.FoodStoreApplication:51 - Starting FoodStoreApplication using Java 17.0.6 with PID 28276 (C:\Users\roksa\OneDrive\Desktop\Programowanie\FoodStore\FoodStore\target\classes started by roksa in C:\Users\roksa\OneDrive\Desktop\Programowanie\FoodStore\FoodStore)
2023-07-05 08:36:39 INFO  c.m.F.FoodStoreApplication:632 - No active profile set, falling back to 1 default profile: "default"
2023-07-05 08:36:43 INFO  c.m.F.FoodStoreApplication:57 - Started FoodStoreApplication in 4.722 seconds (process running for 5.274)
2023-07-05 08:37:56 INFO  c.m.F.FoodStoreApplication:51 - Starting FoodStoreApplication using Java 17.0.6 with PID 19852 (C:\Users\roksa\OneDrive\Desktop\Programowanie\FoodStore\FoodStore\target\classes started by roksa in C:\Users\roksa\OneDrive\Desktop\Programowanie\FoodStore\FoodStore)
2023-07-05 08:37:56 INFO  c.m.F.FoodStoreApplication:632 - No active profile set, falling back to 1 default profile: "default"
2023-07-05 08:38:00 INFO  c.m.F.FoodStoreApplication:57 - Started FoodStoreApplication in 4.942 seconds (process running for 5.482)
2023-07-05 08:39:55 INFO  c.m.F.FoodStoreApplication:51 - Starting FoodStoreApplication using Java 17.0.6 with PID 13184 (C:\Users\roksa\OneDrive\Desktop\Programowanie\FoodStore\FoodStore\target\classes started by roksa in C:\Users\roksa\OneDrive\Desktop\Programowanie\FoodStore\FoodStore)
2023-07-05 08:39:55 INFO  c.m.F.FoodStoreApplication:632 - No active profile set, falling back to 1 default profile: "default"
2023-07-05 08:39:59 INFO  c.m.F.FoodStoreApplication:57 - Started FoodStoreApplication in 4.955 seconds (process running for 5.525)
2023-07-05 08:40:05 INFO  c.m.F.Cart:123 - Admin privileges granted for user with id 252
2023-07-05 08:40:25 INFO  c.m.F.FoodStoreApplication:51 - Starting FoodStoreApplication using Java 17.0.6 with PID 8400 (C:\Users\roksa\OneDrive\Desktop\Programowanie\FoodStore\FoodStore\target\classes started by roksa in C:\Users\roksa\OneDrive\Desktop\Programowanie\FoodStore\FoodStore)
2023-07-05 08:40:25 INFO  c.m.F.FoodStoreApplication:632 - No active profile set, falling back to 1 default profile: "default"
2023-07-05 08:40:29 INFO  c.m.F.FoodStoreApplication:57 - Started FoodStoreApplication in 4.925 seconds (process running for 5.488)
2023-07-05 08:40:35 INFO  c.m.F.Cart:132 - Admin privileges revoked for user with id 252
2023-07-05 08:40:36 INFO  c.m.F.Cart:123 - Admin privileges granted for user with id 252
2023-07-05 08:40:37 INFO  c.m.F.Cart:132 - Admin privileges revoked for user with id 252
2023-07-05 08:40:37 INFO  c.m.F.Cart:123 - Admin privileges granted for user with id 252
2023-07-05 08:40:38 INFO  c.m.F.Cart:123 - Admin privileges granted for user with id 252
2023-07-05 08:40:38 INFO  c.m.F.Cart:123 - Admin privileges granted for user with id 202
2023-07-05 08:40:39 INFO  c.m.F.Cart:123 - Admin privileges granted for user with id 202
2023-07-05 08:40:42 INFO  c.m.F.Cart:132 - Admin privileges revoked for user with id 202
2023-07-05 08:40:43 INFO  c.m.F.Cart:123 - Admin privileges granted for user with id 1
2023-07-05 08:40:44 INFO  c.m.F.Cart:132 - Admin privileges revoked for user with id 1
2023-07-05 08:40:45 INFO  c.m.F.Cart:132 - Admin privileges revoked for user with id 1
2023-07-05 08:40:47 INFO  c.m.F.Cart:123 - Admin privileges granted for user with id 802
2023-07-05 08:40:48 INFO  c.m.F.Cart:132 - Admin privileges revoked for user with id 802
2023-07-05 08:49:36 INFO  c.m.F.FoodStoreApplication:51 - Starting FoodStoreApplication using Java 17.0.6 with PID 8144 (C:\Users\roksa\OneDrive\Desktop\Programowanie\FoodStore\FoodStore\target\classes started by roksa in C:\Users\roksa\OneDrive\Desktop\Programowanie\FoodStore\FoodStore)
2023-07-05 08:49:36 INFO  c.m.F.FoodStoreApplication:632 - No active profile set, falling back to 1 default profile: "default"
2023-07-05 08:49:40 INFO  c.m.F.FoodStoreApplication:57 - Started FoodStoreApplication in 4.914 seconds (process running for 5.464)
2023-07-05 08:52:00 INFO  c.m.F.Cart:132 - Admin privileges revoked for user with id 252
2023-07-05 08:52:03 INFO  c.m.F.Cart:123 - Admin privileges granted for user with id 802
2023-07-05 08:52:06 INFO  c.m.F.Cart:132 - Admin privileges revoked for user with id 802
2023-07-05 08:52:14 INFO  c.m.F.Cart:123 - Admin privileges granted for user with id 202
2023-07-05 08:58:01 INFO  c.m.F.Cart:123 - Admin privileges granted for user with id 1
2023-07-05 08:58:02 INFO  c.m.F.Cart:132 - Admin privileges revoked for user with id 1
2023-07-05 08:58:03 INFO  c.m.F.Cart:123 - Admin privileges granted for user with id 1
2023-07-05 08:58:32 INFO  c.m.F.FoodStoreApplication:51 - Starting FoodStoreApplication using Java 17.0.6 with PID 29160 (C:\Users\roksa\OneDrive\Desktop\Programowanie\FoodStore\FoodStore\target\classes started by roksa in C:\Users\roksa\OneDrive\Desktop\Programowanie\FoodStore\FoodStore)
2023-07-05 08:58:32 INFO  c.m.F.FoodStoreApplication:632 - No active profile set, falling back to 1 default profile: "default"
2023-07-05 08:58:36 INFO  c.m.F.FoodStoreApplication:57 - Started FoodStoreApplication in 4.653 seconds (process running for 5.165)
2023-07-05 08:58:42 INFO  c.m.F.Cart:123 - Admin privileges granted for user with id 252
2023-07-05 08:58:58 INFO  c.m.F.Cart:98 - Password Roksanusia7! used for log-in is correct
2023-07-05 09:06:03 INFO  c.m.F.FoodStoreApplication:51 - Starting FoodStoreApplication using Java 17.0.6 with PID 32952 (C:\Users\roksa\OneDrive\Desktop\Programowanie\FoodStore\FoodStore\target\classes started by roksa in C:\Users\roksa\OneDrive\Desktop\Programowanie\FoodStore\FoodStore)
2023-07-05 09:06:03 INFO  c.m.F.FoodStoreApplication:632 - No active profile set, falling back to 1 default profile: "default"
2023-07-05 09:06:07 INFO  c.m.F.FoodStoreApplication:57 - Started FoodStoreApplication in 4.619 seconds (process running for 5.12)
2023-07-05 09:06:17 INFO  c.m.F.Cart:98 - Password Roksanusia7! used for log-in is correct
2023-07-05 09:09:07 INFO  c.m.F.FoodStoreApplication:51 - Starting FoodStoreApplication using Java 17.0.6 with PID 30728 (C:\Users\roksa\OneDrive\Desktop\Programowanie\FoodStore\FoodStore\target\classes started by roksa in C:\Users\roksa\OneDrive\Desktop\Programowanie\FoodStore\FoodStore)
2023-07-05 09:09:07 INFO  c.m.F.FoodStoreApplication:632 - No active profile set, falling back to 1 default profile: "default"
2023-07-05 09:09:12 INFO  c.m.F.FoodStoreApplication:57 - Started FoodStoreApplication in 5.994 seconds (process running for 6.615)
2023-07-05 09:09:32 INFO  c.m.F.Cart:98 - Password Roksanusia7! used for log-in is correct
2023-07-05 09:10:36 INFO  c.m.F.FoodStoreApplication:51 - Starting FoodStoreApplication using Java 17.0.6 with PID 13656 (C:\Users\roksa\OneDrive\Desktop\Programowanie\FoodStore\FoodStore\target\classes started by roksa in C:\Users\roksa\OneDrive\Desktop\Programowanie\FoodStore\FoodStore)
2023-07-05 09:10:36 INFO  c.m.F.FoodStoreApplication:632 - No active profile set, falling back to 1 default profile: "default"
2023-07-05 09:10:42 INFO  c.m.F.FoodStoreApplication:57 - Started FoodStoreApplication in 5.912 seconds (process running for 6.548)
2023-07-05 09:10:52 INFO  c.m.F.Cart:98 - Password Roksanusia7! used for log-in is correct
2023-07-05 09:11:01 INFO  c.m.F.Cart:123 - Admin privileges granted for user with id 302
2023-07-05 09:11:06 INFO  c.m.F.Cart:132 - Admin privileges revoked for user with id 252
2023-07-05 09:11:06 INFO  c.m.F.Cart:132 - Admin privileges revoked for user with id 1
2023-07-05 09:26:23 INFO  c.m.F.FoodStoreApplication:51 - Starting FoodStoreApplication using Java 17.0.6 with PID 33764 (C:\Users\roksa\OneDrive\Desktop\Programowanie\FoodStore\FoodStore\target\classes started by roksa in C:\Users\roksa\OneDrive\Desktop\Programowanie\FoodStore\FoodStore)
2023-07-05 09:26:23 INFO  c.m.F.FoodStoreApplication:632 - No active profile set, falling back to 1 default profile: "default"
2023-07-05 09:26:27 INFO  c.m.F.FoodStoreApplication:57 - Started FoodStoreApplication in 4.689 seconds (process running for 5.694)
2023-07-05 09:26:39 INFO  c.m.F.Cart:98 - Password Roksanusia7! used for log-in is correct
2023-07-05 09:32:12 INFO  c.m.F.FoodStoreApplication:51 - Starting FoodStoreApplication using Java 17.0.6 with PID 30656 (C:\Users\roksa\OneDrive\Desktop\Programowanie\FoodStore\FoodStore\target\classes started by roksa in C:\Users\roksa\OneDrive\Desktop\Programowanie\FoodStore\FoodStore)
2023-07-05 09:32:12 INFO  c.m.F.FoodStoreApplication:632 - No active profile set, falling back to 1 default profile: "default"
2023-07-05 09:32:16 INFO  c.m.F.FoodStoreApplication:57 - Started FoodStoreApplication in 4.627 seconds (process running for 5.111)
2023-07-05 09:33:28 INFO  c.m.F.FoodStoreApplication:51 - Starting FoodStoreApplication using Java 17.0.6 with PID 2660 (C:\Users\roksa\OneDrive\Desktop\Programowanie\FoodStore\FoodStore\target\classes started by roksa in C:\Users\roksa\OneDrive\Desktop\Programowanie\FoodStore\FoodStore)
2023-07-05 09:33:28 INFO  c.m.F.FoodStoreApplication:632 - No active profile set, falling back to 1 default profile: "default"
2023-07-05 09:33:32 INFO  c.m.F.FoodStoreApplication:57 - Started FoodStoreApplication in 4.028 seconds (process running for 4.57)
2023-07-05 09:34:02 INFO  c.m.F.Cart:98 - Password Roksanusia7! used for log-in is correct
